[2025-10-11 00:50:00] [32minfo[39m: Server running in development mode on port 5000
[2025-10-11 00:50:03] [32minfo[39m: MongoDB Connected: ac-sqhyu1u-shard-00-01.d2rt5zd.mongodb.net
[2025-10-11 00:53:07] [32minfo[39m: [0mGET / [33m404[0m 2.961 ms - 27[0m
[2025-10-11 00:53:08] [32minfo[39m: [0mGET /favicon.ico [33m404[0m 0.323 ms - 27[0m
[2025-10-11 00:53:34] [32minfo[39m: [0mGET /api/reports [32m200[0m 277.055 ms - 37329[0m
[2025-10-11 00:54:24] [32minfo[39m: Server running in development mode on port 5000
[2025-10-11 00:54:27] [32minfo[39m: Server running in development mode on port 5000
[2025-10-11 00:54:28] [32minfo[39m: MongoDB Connected: ac-sqhyu1u-shard-00-02.d2rt5zd.mongodb.net
[2025-10-11 00:54:32] [32minfo[39m: Server running in development mode on port 5000
[2025-10-11 00:54:33] [32minfo[39m: MongoDB Connected: ac-sqhyu1u-shard-00-00.d2rt5zd.mongodb.net
[2025-10-11 00:54:36] [32minfo[39m: Server running in development mode on port 5000
[2025-10-11 00:54:36] [32minfo[39m: MongoDB Connected: ac-sqhyu1u-shard-00-01.d2rt5zd.mongodb.net
[2025-10-11 00:55:17] [32minfo[39m: [0mGET /api/reports [32m200[0m 236.755 ms - 37329[0m
[2025-10-11 00:55:24] [32minfo[39m: [0mGET / [33m404[0m 2.093 ms - 27[0m
[2025-10-11 01:23:04] [32minfo[39m: Server running in development mode on port 5000
[2025-10-11 01:23:05] [32minfo[39m: MongoDB Connected: ac-sqhyu1u-shard-00-00.d2rt5zd.mongodb.net
[2025-10-11 01:23:09] [32minfo[39m: [0mPOST /api/forecast [31m500[0m 5.252 ms - 59[0m
[2025-10-11 01:23:09] [32minfo[39m: [0mGET /api/metrics/current [33m404[0m 1.290 ms - 27[0m
[2025-10-11 01:23:09] [32minfo[39m: [0mGET /api/recommendations [33m404[0m 0.391 ms - 27[0m
[2025-10-11 01:23:10] [32minfo[39m: [0mGET /api/metrics/current [33m404[0m 0.378 ms - 27[0m
[2025-10-11 01:23:10] [32minfo[39m: [0mPOST /api/forecast [31m500[0m 1.102 ms - 59[0m
[2025-10-11 01:23:10] [32minfo[39m: [0mGET /api/recommendations [33m404[0m 0.470 ms - 27[0m
[2025-10-11 01:23:11] [32minfo[39m: [0mPOST /api/forecast [31m500[0m 2.284 ms - 59[0m
[2025-10-11 01:23:11] [32minfo[39m: [0mGET /api/metrics/current [33m404[0m 0.550 ms - 27[0m
[2025-10-11 01:23:11] [32minfo[39m: [0mGET /api/recommendations [33m404[0m 0.985 ms - 27[0m
[2025-10-11 01:23:13] [32minfo[39m: [0mPOST /api/forecast [31m500[0m 2.907 ms - 59[0m
[2025-10-11 01:23:13] [32minfo[39m: [0mGET /api/metrics/current [33m404[0m 0.470 ms - 27[0m
[2025-10-11 01:23:13] [32minfo[39m: [0mGET /api/recommendations [33m404[0m 0.675 ms - 27[0m
[2025-10-11 01:23:17] [32minfo[39m: [0mGET /api/metrics/current [33m404[0m 0.513 ms - 27[0m
[2025-10-11 01:23:17] [32minfo[39m: [0mPOST /api/forecast [31m500[0m 9.773 ms - 59[0m
[2025-10-11 01:23:17] [32minfo[39m: [0mGET /api/recommendations [33m404[0m 0.621 ms - 27[0m
[2025-10-11 01:23:43] [32minfo[39m: [0mPOST /api/forecast [31m500[0m 5.369 ms - 59[0m
[2025-10-11 01:23:43] [32minfo[39m: [0mGET /api/metrics/current [33m404[0m 0.392 ms - 27[0m
[2025-10-11 01:23:43] [32minfo[39m: [0mGET /api/recommendations [33m404[0m 0.474 ms - 27[0m
[2025-10-11 01:23:44] [32minfo[39m: [0mPOST /api/forecast [31m500[0m 2.159 ms - 59[0m
[2025-10-11 01:23:44] [32minfo[39m: [0mGET /api/metrics/current [33m404[0m 0.906 ms - 27[0m
[2025-10-11 01:23:44] [32minfo[39m: [0mGET /api/recommendations [33m404[0m 0.512 ms - 27[0m
[2025-10-11 01:23:46] [32minfo[39m: [0mPOST /api/forecast [31m500[0m 1.672 ms - 59[0m
[2025-10-11 01:23:46] [32minfo[39m: [0mGET /api/recommendations [33m404[0m 0.440 ms - 27[0m
[2025-10-11 01:23:46] [32minfo[39m: [0mGET /api/metrics/current [33m404[0m 0.317 ms - 27[0m
[2025-10-11 01:23:50] [32minfo[39m: [0mGET /api/recommendations [33m404[0m 0.332 ms - 27[0m
[2025-10-11 01:23:50] [32minfo[39m: [0mGET /api/metrics/current [33m404[0m 0.398 ms - 27[0m
[2025-10-11 01:23:50] [32minfo[39m: [0mPOST /api/forecast [31m500[0m 4.021 ms - 59[0m
[2025-10-11 01:23:55] [32minfo[39m: [0mGET /api/metrics/current [33m404[0m 0.292 ms - 27[0m
[2025-10-11 01:23:56] [32minfo[39m: [0mGET /api/metrics/current [33m404[0m 0.333 ms - 27[0m
[2025-10-11 01:23:58] [32minfo[39m: [0mGET /api/metrics/current [33m404[0m 0.365 ms - 27[0m
[2025-10-11 01:24:02] [32minfo[39m: [0mGET /api/metrics/current [33m404[0m 0.372 ms - 27[0m
[2025-10-11 01:24:07] [32minfo[39m: [0mGET /api/metrics/current [33m404[0m 0.445 ms - 27[0m
[2025-10-11 01:24:08] [32minfo[39m: [0mGET /api/metrics/current [33m404[0m 5.001 ms - 27[0m
[2025-10-11 01:24:10] [32minfo[39m: [0mGET /api/metrics/current [33m404[0m 0.352 ms - 27[0m
[2025-10-11 01:24:14] [32minfo[39m: [0mGET /api/metrics/current [33m404[0m 0.707 ms - 27[0m
[2025-10-11 01:24:19] [32minfo[39m: [0mGET /api/metrics/current [33m404[0m 0.501 ms - 27[0m
[2025-10-11 01:24:20] [32minfo[39m: [0mGET /api/metrics/current [33m404[0m 0.339 ms - 27[0m
[2025-10-11 01:24:22] [32minfo[39m: [0mGET /api/metrics/current [33m404[0m 0.507 ms - 27[0m
[2025-10-11 01:24:26] [32minfo[39m: [0mGET /api/metrics/current [33m404[0m 0.316 ms - 27[0m
[2025-10-11 01:24:31] [32minfo[39m: [0mGET /api/metrics/current [33m404[0m 0.618 ms - 27[0m
[2025-10-11 01:25:20] [32minfo[39m: [0mPOST /api/forecast [31m500[0m 1.152 ms - 59[0m
[2025-10-11 01:25:20] [32minfo[39m: [0mGET /api/recommendations [33m404[0m 0.264 ms - 27[0m
[2025-10-11 01:25:20] [32minfo[39m: [0mGET /api/metrics/current [33m404[0m 0.342 ms - 27[0m
[2025-10-11 01:25:38] [32minfo[39m: Server running in development mode on port 5000
[2025-10-11 01:25:39] [32minfo[39m: Server running in development mode on port 5000
[2025-10-11 01:25:40] [32minfo[39m: MongoDB Connected: ac-sqhyu1u-shard-00-02.d2rt5zd.mongodb.net
[2025-10-11 01:25:46] [32minfo[39m: [0mPOST /api/forecast [31m500[0m 5.464 ms - 59[0m
[2025-10-11 01:25:46] [32minfo[39m: [0mGET /api/metrics/current [33m404[0m 0.716 ms - 27[0m
[2025-10-11 01:25:46] [32minfo[39m: [0mGET /api/recommendations [33m404[0m 0.404 ms - 27[0m
[2025-10-11 01:25:48] [32minfo[39m: [0mPOST /api/forecast [31m500[0m 2.287 ms - 59[0m
[2025-10-11 01:25:48] [32minfo[39m: [0mGET /api/recommendations [33m404[0m 0.892 ms - 27[0m
[2025-10-11 01:25:50] [32minfo[39m: [0mGET /api/metrics/current [33m404[0m 0.511 ms - 27[0m
[2025-10-11 01:25:50] [32minfo[39m: [0mPOST /api/forecast [31m500[0m 1.314 ms - 59[0m
[2025-10-11 01:25:50] [32minfo[39m: [0mGET /api/metrics/current [33m404[0m 0.366 ms - 27[0m
[2025-10-11 01:25:50] [32minfo[39m: [0mGET /api/recommendations [33m404[0m 0.885 ms - 27[0m
[2025-10-11 01:25:51] [32minfo[39m: [0mGET /api/metrics/current [33m404[0m 0.812 ms - 27[0m
[2025-10-11 01:25:51] [32minfo[39m: [0mGET /api/recommendations [33m404[0m 0.448 ms - 27[0m
[2025-10-11 01:25:51] [32minfo[39m: [0mPOST /api/forecast [31m500[0m 1.835 ms - 59[0m
[2025-10-11 01:25:53] [32minfo[39m: [0mGET /api/metrics/current [33m404[0m 0.511 ms - 27[0m
[2025-10-11 01:25:53] [32minfo[39m: [0mGET /api/recommendations [33m404[0m 0.611 ms - 27[0m
[2025-10-11 01:25:53] [32minfo[39m: [0mPOST /api/forecast [31m500[0m 2.107 ms - 59[0m
[2025-10-11 01:26:00] [32minfo[39m: [0mGET /api/recommendations [33m404[0m 0.425 ms - 27[0m
[2025-10-11 01:26:00] [32minfo[39m: [0mGET /api/metrics/current [33m404[0m 0.330 ms - 27[0m
[2025-10-11 01:26:00] [32minfo[39m: [0mPOST /api/forecast [31m500[0m 1.399 ms - 59[0m
[2025-10-11 01:26:05] [32minfo[39m: [0mGET /api/metrics/current [33m404[0m 270.649 ms - 27[0m
[2025-10-11 01:26:06] [32minfo[39m: [0mGET /api/metrics/current [33m404[0m 0.592 ms - 27[0m
[2025-10-11 01:26:08] [32minfo[39m: [0mGET /api/metrics/current [33m404[0m 0.400 ms - 27[0m
[2025-10-11 01:26:10] [32minfo[39m: [0mPOST /api/forecast [31m500[0m 3.318 ms - 59[0m
[2025-10-11 01:26:10] [32minfo[39m: [0mGET /api/recommendations [33m404[0m 0.470 ms - 27[0m
[2025-10-11 01:26:11] [32minfo[39m: [0mPOST /api/forecast [31m500[0m 7.292 ms - 59[0m
[2025-10-11 01:26:11] [32minfo[39m: [0mGET /api/recommendations [33m404[0m 0.468 ms - 27[0m
[2025-10-11 01:26:24] [32minfo[39m: [0mGET /api/metrics/current [33m404[0m 0.357 ms - 27[0m
[2025-10-11 01:26:24] [32minfo[39m: [0mGET /api/recommendations [33m404[0m 0.687 ms - 27[0m
[2025-10-11 01:26:24] [32minfo[39m: [0mPOST /api/forecast [31m500[0m 1.277 ms - 59[0m
[2025-10-11 01:26:28] [32minfo[39m: [0mPOST /api/forecast [31m500[0m 1.310 ms - 59[0m
[2025-10-11 01:26:28] [32minfo[39m: [0mGET /api/recommendations [33m404[0m 0.329 ms - 27[0m
[2025-10-11 01:26:29] [32minfo[39m: [0mPOST /api/forecast [31m500[0m 1.095 ms - 59[0m
[2025-10-11 01:26:29] [32minfo[39m: [0mGET /api/metrics/current [33m404[0m 0.409 ms - 27[0m
[2025-10-11 01:26:29] [32minfo[39m: [0mGET /api/recommendations [33m404[0m 0.416 ms - 27[0m
[2025-10-11 01:27:00] [32minfo[39m: [0mGET /api/metrics/current [33m404[0m 0.361 ms - 27[0m
[2025-10-11 01:27:00] [32minfo[39m: [0mPOST /api/forecast [31m500[0m 1.054 ms - 59[0m
[2025-10-11 01:27:00] [32minfo[39m: [0mGET /api/recommendations [33m404[0m 0.357 ms - 27[0m
[2025-10-11 01:27:46] [32minfo[39m: [0mGET /api/metrics/current [33m404[0m 1.264 ms - 27[0m
[2025-10-11 01:27:46] [32minfo[39m: [0mPOST /api/forecast [31m500[0m 1.581 ms - 59[0m
[2025-10-11 01:27:46] [32minfo[39m: [0mGET /api/recommendations [33m404[0m 0.371 ms - 27[0m
[2025-10-11 01:30:16] [32minfo[39m: Server running in development mode on port 5000
[2025-10-11 01:30:16] [32minfo[39m: MongoDB Connected: ac-sqhyu1u-shard-00-01.d2rt5zd.mongodb.net
[2025-10-11 01:30:19] [32minfo[39m: Server running in development mode on port 5000
[2025-10-11 01:30:20] [32minfo[39m: MongoDB Connected: ac-sqhyu1u-shard-00-00.d2rt5zd.mongodb.net
[2025-10-11 01:30:24] [32minfo[39m: Server running in development mode on port 5000
[2025-10-11 01:30:25] [32minfo[39m: Server running in development mode on port 5000
[2025-10-11 01:30:26] [32minfo[39m: MongoDB Connected: ac-sqhyu1u-shard-00-00.d2rt5zd.mongodb.net
[2025-10-11 01:30:29] [32minfo[39m: Server running in development mode on port 5000
[2025-10-11 01:30:29] [32minfo[39m: MongoDB Connected: ac-sqhyu1u-shard-00-02.d2rt5zd.mongodb.net
[2025-10-11 01:31:01] [32minfo[39m: Server running in development mode on port 5000
[2025-10-11 01:31:02] [32minfo[39m: MongoDB Connected: ac-sqhyu1u-shard-00-00.d2rt5zd.mongodb.net
[2025-10-11 01:31:05] [32minfo[39m: [0mPOST /api/forecast [31m500[0m 5.449 ms - 59[0m
[2025-10-11 01:31:05] [32minfo[39m: [0mGET /api/metrics/current [33m404[0m 0.597 ms - 27[0m
[2025-10-11 01:31:05] [32minfo[39m: [0mGET /api/recommendations [33m404[0m 0.412 ms - 27[0m
[2025-10-11 01:31:55] [32minfo[39m: Server running in development mode on port 5000
[2025-10-11 01:31:55] [32minfo[39m: MongoDB Connected: ac-sqhyu1u-shard-00-00.d2rt5zd.mongodb.net
[2025-10-11 01:32:00] [32minfo[39m: [0mGET /api/metrics/current [33m404[0m 2.796 ms - 27[0m
[2025-10-11 01:32:00] [32minfo[39m: [0mGET /api/recommendations [33m404[0m 0.535 ms - 27[0m
[2025-10-11 01:32:01] [32minfo[39m: [0mPOST /api/forecast [31m500[0m 1192.543 ms - 191[0m
[2025-10-11 01:32:02] [32minfo[39m: [0mGET /api/metrics/current [33m404[0m 0.339 ms - 27[0m
[2025-10-11 01:32:02] [32minfo[39m: [0mGET /api/recommendations [33m404[0m 0.328 ms - 27[0m
[2025-10-11 01:32:02] [32minfo[39m: [0mPOST /api/forecast [31m500[0m 118.001 ms - 191[0m
[2025-10-11 01:32:03] [32minfo[39m: [0mGET /api/metrics/current [33m404[0m 0.295 ms - 27[0m
[2025-10-11 01:32:03] [32minfo[39m: [0mGET /api/recommendations [33m404[0m 0.240 ms - 27[0m
[2025-10-11 01:32:03] [32minfo[39m: [0mPOST /api/forecast [31m500[0m 128.501 ms - 191[0m
[2025-10-11 01:32:05] [32minfo[39m: [0mGET /api/metrics/current [33m404[0m 1.182 ms - 27[0m
[2025-10-11 01:32:05] [32minfo[39m: [0mGET /api/recommendations [33m404[0m 0.568 ms - 27[0m
[2025-10-11 01:32:05] [32minfo[39m: [0mPOST /api/forecast [31m500[0m 115.759 ms - 191[0m
[2025-10-11 01:36:51] [32minfo[39m: Server running in development mode on port 5000
[2025-10-11 01:36:52] [32minfo[39m: MongoDB Connected: ac-sqhyu1u-shard-00-01.d2rt5zd.mongodb.net
[2025-10-11 01:36:57] [32minfo[39m: Server running in development mode on port 5000
[2025-10-11 01:36:58] [32minfo[39m: MongoDB Connected: ac-sqhyu1u-shard-00-00.d2rt5zd.mongodb.net
[2025-10-11 01:53:02] [32minfo[39m: Server running in development mode on port 5000
[2025-10-11 01:53:03] [32minfo[39m: MongoDB Connected: ac-sqhyu1u-shard-00-01.d2rt5zd.mongodb.net
[2025-10-11 01:53:23] [32minfo[39m: Server running in development mode on port 5000
[2025-10-11 01:53:24] [32minfo[39m: MongoDB Connected: ac-sqhyu1u-shard-00-00.d2rt5zd.mongodb.net
[2025-10-11 01:53:38] [32minfo[39m: Server running in development mode on port 5000
[2025-10-11 01:53:39] [32minfo[39m: MongoDB Connected: ac-sqhyu1u-shard-00-02.d2rt5zd.mongodb.net
[2025-10-11 01:53:49] [32minfo[39m: [0mGET /api/metrics/current [33m404[0m 4.870 ms - 27[0m
[2025-10-11 01:53:49] [32minfo[39m: [0mGET /api/recommendations [33m404[0m 0.831 ms - 27[0m
[2025-10-11 01:53:49] [32minfo[39m: [0mPOST /api/forecast [32m200[0m 93.779 ms - 139[0m
[2025-10-11 01:53:50] [32minfo[39m: [0mGET /api/metrics/current [33m404[0m 0.333 ms - 27[0m
[2025-10-11 01:53:50] [32minfo[39m: [0mGET /api/recommendations [33m404[0m 0.429 ms - 27[0m
[2025-10-11 01:53:50] [32minfo[39m: [0mPOST /api/forecast [32m200[0m 56.415 ms - 139[0m
[2025-10-11 01:53:52] [32minfo[39m: [0mGET /api/metrics/current [33m404[0m 0.658 ms - 27[0m
[2025-10-11 01:53:52] [32minfo[39m: [0mGET /api/recommendations [33m404[0m 0.597 ms - 27[0m
[2025-10-11 01:53:52] [32minfo[39m: [0mPOST /api/forecast [32m200[0m 59.599 ms - 139[0m
[2025-10-11 01:53:55] [32minfo[39m: [0mGET /api/metrics/current [33m404[0m 0.491 ms - 27[0m
[2025-10-11 01:53:55] [32minfo[39m: [0mGET /api/recommendations [33m404[0m 0.345 ms - 27[0m
[2025-10-11 01:53:55] [32minfo[39m: [0mPOST /api/forecast [32m200[0m 61.317 ms - 139[0m
[2025-10-11 01:53:56] [32minfo[39m: [0mGET /api/metrics/current [33m404[0m 0.310 ms - 27[0m
[2025-10-11 01:53:56] [32minfo[39m: [0mGET /api/recommendations [33m404[0m 0.313 ms - 27[0m
[2025-10-11 01:53:57] [32minfo[39m: [0mPOST /api/forecast [32m200[0m 75.174 ms - 139[0m
[2025-10-11 01:54:05] [32minfo[39m: [0mGET /api/metrics/current [33m404[0m 0.766 ms - 27[0m
[2025-10-11 01:54:05] [32minfo[39m: [0mGET /api/recommendations [33m404[0m 1.134 ms - 27[0m
[2025-10-11 01:54:05] [32minfo[39m: [0mPOST /api/forecast [32m200[0m 69.798 ms - 139[0m
[2025-10-11 01:54:09] [32minfo[39m: [0mGET /api/metrics/current [33m404[0m 0.427 ms - 27[0m
[2025-10-11 01:54:09] [32minfo[39m: [0mGET /api/recommendations [33m404[0m 0.337 ms - 27[0m
[2025-10-11 01:54:09] [32minfo[39m: [0mPOST /api/forecast [32m200[0m 75.301 ms - 139[0m
[2025-10-11 01:54:10] [32minfo[39m: [0mGET /api/metrics/current [33m404[0m 0.334 ms - 27[0m
[2025-10-11 01:54:10] [32minfo[39m: [0mGET /api/recommendations [33m404[0m 0.176 ms - 27[0m
[2025-10-11 01:54:10] [32minfo[39m: [0mPOST /api/forecast [32m200[0m 108.596 ms - 139[0m
[2025-10-11 01:54:12] [32minfo[39m: [0mGET /api/metrics/current [33m404[0m 0.401 ms - 27[0m
[2025-10-11 01:54:12] [32minfo[39m: [0mGET /api/recommendations [33m404[0m 0.200 ms - 27[0m
[2025-10-11 01:54:12] [32minfo[39m: [0mPOST /api/forecast [32m200[0m 53.665 ms - 139[0m
[2025-10-11 01:54:16] [32minfo[39m: [0mGET /api/metrics/current [33m404[0m 0.490 ms - 27[0m
[2025-10-11 01:54:16] [32minfo[39m: [0mGET /api/recommendations [33m404[0m 0.184 ms - 27[0m
[2025-10-11 01:54:16] [32minfo[39m: [0mPOST /api/forecast [32m200[0m 54.049 ms - 139[0m
[2025-10-11 01:54:21] [32minfo[39m: [0mGET /api/metrics/current [33m404[0m 0.260 ms - 27[0m
[2025-10-11 01:54:22] [32minfo[39m: [0mGET /api/metrics/current [33m404[0m 0.310 ms - 27[0m
[2025-10-11 01:54:24] [32minfo[39m: [0mGET /api/metrics/current [33m404[0m 0.407 ms - 27[0m
[2025-10-11 01:54:28] [32minfo[39m: [0mGET /api/metrics/current [33m404[0m 0.535 ms - 27[0m
[2025-10-11 01:54:33] [32minfo[39m: [0mGET /api/metrics/current [33m404[0m 0.489 ms - 27[0m
[2025-10-11 01:54:34] [32minfo[39m: [0mGET /api/metrics/current [33m404[0m 0.857 ms - 27[0m
[2025-10-11 01:54:36] [32minfo[39m: [0mGET /api/metrics/current [33m404[0m 0.668 ms - 27[0m
[2025-10-11 01:54:40] [32minfo[39m: [0mGET /api/metrics/current [33m404[0m 0.477 ms - 27[0m
[2025-10-11 01:55:36] [32minfo[39m: [0mGET /api/forecast [32m200[0m 188.225 ms - 38158[0m
[2025-10-11 01:55:47] [32minfo[39m: [0mGET /api/metrics/current [33m404[0m 0.301 ms - 27[0m
[2025-10-11 01:55:47] [32minfo[39m: [0mGET /api/recommendations [33m404[0m 0.285 ms - 27[0m
[2025-10-11 01:55:47] [32minfo[39m: [0mPOST /api/forecast [32m200[0m 74.194 ms - 139[0m
[2025-10-11 01:55:48] [32minfo[39m: [0mGET /api/metrics/current [33m404[0m 0.824 ms - 27[0m
[2025-10-11 01:55:48] [32minfo[39m: [0mGET /api/recommendations [33m404[0m 0.674 ms - 27[0m
[2025-10-11 01:55:48] [32minfo[39m: [0mPOST /api/forecast [32m200[0m 65.016 ms - 139[0m
[2025-10-11 01:55:50] [32minfo[39m: [0mGET /api/metrics/current [33m404[0m 0.192 ms - 27[0m
[2025-10-11 01:55:50] [32minfo[39m: [0mGET /api/recommendations [33m404[0m 0.292 ms - 27[0m
[2025-10-11 01:55:50] [32minfo[39m: [0mPOST /api/forecast [32m200[0m 85.718 ms - 139[0m
[2025-10-11 01:56:51] [32minfo[39m: [0mPOST /api/forecast [32m200[0m 55.767 ms - 120[0m
[2025-10-11 01:57:22] [32minfo[39m: [0mGET /api/recommendation [32m200[0m 57.279 ms - 333[0m
[2025-10-11 01:57:33] [32minfo[39m: [0mPOST /api/recommendation [31m500[0m 2.100 ms - 70[0m
[2025-10-11 01:57:58] [32minfo[39m: [0mPOST /api/metrics [33m404[0m 0.411 ms - 27[0m
[2025-10-11 01:58:03] [32minfo[39m: [0mGET /api/metrics [32m200[0m 71.724 ms - 78[0m
[2025-10-11 01:58:18] [32minfo[39m: [0mGET /api/simulate [33m404[0m 0.363 ms - 27[0m
[2025-10-11 01:58:26] [32minfo[39m: [0mPOST /api/simulate [31m500[0m 2.966 ms - 72[0m
[2025-10-11 01:58:48] [32minfo[39m: [0mGET /api/metrics/current [33m404[0m 0.269 ms - 27[0m
[2025-10-11 01:58:48] [32minfo[39m: [0mGET /api/recommendations [33m404[0m 0.177 ms - 27[0m
[2025-10-11 01:58:48] [32minfo[39m: [0mPOST /api/forecast [32m200[0m 73.526 ms - 139[0m
[2025-10-11 01:58:53] [32minfo[39m: [0mGET /api/metrics/current [33m404[0m 0.465 ms - 27[0m
[2025-10-11 01:58:54] [32minfo[39m: [0mGET /api/metrics/current [33m404[0m 0.390 ms - 27[0m
[2025-10-11 01:58:56] [32minfo[39m: [0mGET /api/metrics/current [33m404[0m 0.319 ms - 27[0m
[2025-10-11 01:59:14] [32minfo[39m: [0mGET /api/metrics/current [33m404[0m 0.529 ms - 27[0m
[2025-10-11 01:59:14] [32minfo[39m: [0mGET /api/recommendations [33m404[0m 0.388 ms - 27[0m
[2025-10-11 01:59:14] [32minfo[39m: [0mPOST /api/forecast [32m200[0m 57.015 ms - 139[0m
[2025-10-11 01:59:15] [32minfo[39m: [0mGET /api/metrics/current [33m404[0m 0.306 ms - 27[0m
[2025-10-11 01:59:15] [32minfo[39m: [0mGET /api/recommendations [33m404[0m 0.222 ms - 27[0m
[2025-10-11 01:59:15] [32minfo[39m: [0mPOST /api/forecast [32m200[0m 55.152 ms - 139[0m
[2025-10-11 01:59:17] [32minfo[39m: [0mGET /api/metrics/current [33m404[0m 0.255 ms - 27[0m
[2025-10-11 01:59:17] [32minfo[39m: [0mGET /api/recommendations [33m404[0m 0.278 ms - 27[0m
[2025-10-11 01:59:17] [32minfo[39m: [0mPOST /api/forecast [32m200[0m 60.865 ms - 139[0m
[2025-10-11 01:59:21] [32minfo[39m: [0mGET /api/metrics/current [33m404[0m 0.359 ms - 27[0m
[2025-10-11 01:59:21] [32minfo[39m: [0mGET /api/recommendations [33m404[0m 0.276 ms - 27[0m
[2025-10-11 01:59:22] [32minfo[39m: [0mPOST /api/forecast [32m200[0m 69.975 ms - 139[0m
[2025-10-11 01:59:26] [32minfo[39m: [0mGET /api/metrics/current [33m404[0m 0.276 ms - 27[0m
[2025-10-11 01:59:27] [32minfo[39m: [0mGET /api/metrics/current [33m404[0m 0.361 ms - 27[0m
[2025-10-11 01:59:29] [32minfo[39m: [0mGET /api/metrics/current [33m404[0m 0.298 ms - 27[0m
[2025-10-11 01:59:33] [32minfo[39m: [0mGET /api/metrics/current [33m404[0m 0.249 ms - 27[0m
[2025-10-11 01:59:38] [32minfo[39m: [0mGET /api/metrics/current [33m404[0m 0.487 ms - 27[0m
[2025-10-11 01:59:39] [32minfo[39m: [0mGET /api/metrics/current [33m404[0m 0.330 ms - 27[0m
[2025-10-11 01:59:41] [32minfo[39m: [0mGET /api/metrics/current [33m404[0m 0.286 ms - 27[0m
[2025-10-11 01:59:45] [32minfo[39m: [0mGET /api/metrics/current [33m404[0m 0.619 ms - 27[0m
[2025-10-11 01:59:48] [32minfo[39m: [0mGET /api/metrics/current [33m404[0m 0.268 ms - 27[0m
[2025-10-11 01:59:48] [32minfo[39m: [0mGET /api/recommendations [33m404[0m 0.305 ms - 27[0m
[2025-10-11 01:59:48] [32minfo[39m: [0mPOST /api/forecast [32m200[0m 71.469 ms - 139[0m
[2025-10-11 01:59:49] [32minfo[39m: [0mGET /api/metrics/current [33m404[0m 0.382 ms - 27[0m
[2025-10-11 01:59:49] [32minfo[39m: [0mGET /api/recommendations [33m404[0m 0.485 ms - 27[0m
[2025-10-11 01:59:49] [32minfo[39m: [0mPOST /api/forecast [32m200[0m 58.744 ms - 139[0m
[2025-10-11 01:59:51] [32minfo[39m: [0mGET /api/metrics/current [33m404[0m 1.036 ms - 27[0m
[2025-10-11 01:59:51] [32minfo[39m: [0mGET /api/recommendations [33m404[0m 1.201 ms - 27[0m
[2025-10-11 01:59:52] [32minfo[39m: [0mPOST /api/forecast [32m200[0m 58.780 ms - 139[0m
[2025-10-11 02:00:33] [32minfo[39m: [0mGET /api/recommendations [33m404[0m 0.430 ms - 27[0m
[2025-10-11 02:00:33] [32minfo[39m: [0mPOST /api/forecast [32m200[0m 71.746 ms - 139[0m
[2025-10-11 02:00:43] [32minfo[39m: [0mGET /api/metrics/current [33m404[0m 0.435 ms - 27[0m
[2025-10-11 02:00:43] [32minfo[39m: [0mGET /api/recommendations [33m404[0m 0.474 ms - 27[0m
[2025-10-11 02:00:43] [32minfo[39m: [0mPOST /api/forecast [32m200[0m 85.769 ms - 139[0m
[2025-10-11 02:00:48] [32minfo[39m: [0mGET /api/metrics/current [33m404[0m 0.637 ms - 27[0m
[2025-10-11 02:00:49] [32minfo[39m: [0mGET /api/metrics/current [33m404[0m 0.476 ms - 27[0m
[2025-10-11 02:00:51] [32minfo[39m: [0mGET /api/metrics/current [33m404[0m 0.289 ms - 27[0m
[2025-10-11 02:00:55] [32minfo[39m: [0mGET /api/metrics/current [33m404[0m 0.164 ms - 27[0m
[2025-10-11 02:01:00] [32minfo[39m: [0mGET /api/metrics/current [33m404[0m 0.238 ms - 27[0m
[2025-10-11 02:09:10] [32minfo[39m: [0mGET /api/metrics [32m200[0m 66.507 ms - 78[0m
[2025-10-11 02:09:47] [32minfo[39m: [0mGET /api/recommendations [33m404[0m 0.161 ms - 27[0m
[2025-10-11 02:09:47] [32minfo[39m: [0mGET /api/metrics [36m304[0m 53.487 ms - -[0m
[2025-10-11 02:09:47] [32minfo[39m: [0mPOST /api/forecast [32m200[0m 463.962 ms - 139[0m
[2025-10-11 02:09:48] [32minfo[39m: [0mGET /api/recommendations [33m404[0m 0.177 ms - 27[0m
[2025-10-11 02:09:48] [32minfo[39m: [0mPOST /api/forecast [32m200[0m 51.018 ms - 139[0m
[2025-10-11 02:09:50] [32minfo[39m: [0mGET /api/recommendations [33m404[0m 0.242 ms - 27[0m
[2025-10-11 02:09:50] [32minfo[39m: [0mPOST /api/forecast [32m200[0m 56.641 ms - 139[0m
[2025-10-11 02:09:52] [32minfo[39m: [0mGET /api/metrics [36m304[0m 62.656 ms - -[0m
[2025-10-11 02:09:54] [32minfo[39m: [0mGET /api/recommendations [33m404[0m 0.360 ms - 27[0m
[2025-10-11 02:09:54] [32minfo[39m: [0mPOST /api/forecast [32m200[0m 67.683 ms - 139[0m
[2025-10-11 02:09:57] [32minfo[39m: [0mGET /api/metrics [36m304[0m 76.461 ms - -[0m
[2025-10-11 02:10:02] [32minfo[39m: [0mGET /api/metrics [36m304[0m 64.167 ms - -[0m
[2025-10-11 02:10:07] [32minfo[39m: [0mGET /api/recommendations [33m404[0m 0.267 ms - 27[0m
[2025-10-11 02:10:07] [32minfo[39m: [0mGET /api/metrics [36m304[0m 55.857 ms - -[0m
[2025-10-11 02:10:07] [32minfo[39m: [0mPOST /api/forecast [32m200[0m 57.463 ms - 139[0m
[2025-10-11 02:10:08] [32minfo[39m: [0mGET /api/recommendations [33m404[0m 0.201 ms - 27[0m
[2025-10-11 02:10:08] [32minfo[39m: [0mPOST /api/forecast [32m200[0m 77.325 ms - 139[0m
[2025-10-11 02:10:10] [32minfo[39m: [0mGET /api/recommendations [33m404[0m 0.539 ms - 27[0m
[2025-10-11 02:10:10] [32minfo[39m: [0mPOST /api/forecast [32m200[0m 54.363 ms - 139[0m
[2025-10-11 02:10:12] [32minfo[39m: [0mGET /api/metrics [36m304[0m 67.261 ms - -[0m
[2025-10-11 02:10:14] [32minfo[39m: [0mGET /api/recommendations [33m404[0m 0.365 ms - 27[0m
[2025-10-11 02:10:14] [32minfo[39m: [0mPOST /api/forecast [32m200[0m 46.829 ms - 139[0m
[2025-10-11 02:10:17] [32minfo[39m: [0mGET /api/metrics [36m304[0m 61.323 ms - -[0m
[2025-10-11 02:10:24] [32minfo[39m: [0mGET /api/recommendations [33m404[0m 0.281 ms - 27[0m
[2025-10-11 02:10:24] [32minfo[39m: [0mGET /api/metrics [36m304[0m 88.894 ms - -[0m
[2025-10-11 02:10:24] [32minfo[39m: [0mPOST /api/forecast [32m200[0m 90.307 ms - 139[0m
[2025-10-11 02:10:25] [32minfo[39m: [0mGET /api/recommendations [33m404[0m 0.224 ms - 27[0m
[2025-10-11 02:10:25] [32minfo[39m: [0mPOST /api/forecast [32m200[0m 50.076 ms - 139[0m
[2025-10-11 02:10:27] [32minfo[39m: [0mGET /api/recommendations [33m404[0m 0.139 ms - 27[0m
[2025-10-11 02:10:27] [32minfo[39m: [0mPOST /api/forecast [32m200[0m 50.960 ms - 139[0m
[2025-10-11 02:10:35] [32minfo[39m: [0mGET /api/recommendations [33m404[0m 0.438 ms - 27[0m
[2025-10-11 02:10:35] [32minfo[39m: [0mPOST /api/forecast [32m200[0m 54.704 ms - 139[0m
[2025-10-11 02:10:35] [32minfo[39m: [0mGET /api/metrics [36m304[0m 58.479 ms - -[0m
[2025-10-11 02:10:37] [32minfo[39m: [0mGET /api/recommendations [33m404[0m 0.369 ms - 27[0m
[2025-10-11 02:10:37] [32minfo[39m: [0mPOST /api/forecast [32m200[0m 59.358 ms - 139[0m
[2025-10-11 02:10:38] [32minfo[39m: [0mGET /api/recommendations [33m404[0m 0.386 ms - 27[0m
[2025-10-11 02:10:38] [32minfo[39m: [0mPOST /api/forecast [32m200[0m 51.194 ms - 139[0m
[2025-10-11 02:10:40] [32minfo[39m: [0mGET /api/recommendations [33m404[0m 0.414 ms - 27[0m
[2025-10-11 02:10:40] [32minfo[39m: [0mGET /api/metrics [36m304[0m 62.113 ms - -[0m
[2025-10-11 02:10:40] [32minfo[39m: [0mPOST /api/forecast [32m200[0m 62.728 ms - 139[0m
[2025-10-11 02:10:44] [32minfo[39m: [0mGET /api/recommendations [33m404[0m 0.179 ms - 27[0m
[2025-10-11 02:10:44] [32minfo[39m: [0mPOST /api/forecast [32m200[0m 58.806 ms - 139[0m
[2025-10-11 02:10:45] [32minfo[39m: [0mGET /api/metrics [36m304[0m 55.162 ms - -[0m
[2025-10-11 02:10:50] [32minfo[39m: [0mGET /api/metrics [36m304[0m 65.527 ms - -[0m
[2025-10-11 02:10:55] [32minfo[39m: [0mGET /api/metrics [36m304[0m 70.633 ms - -[0m
[2025-10-11 02:11:00] [32minfo[39m: [0mGET /api/metrics [36m304[0m 63.186 ms - -[0m
[2025-10-11 02:11:05] [32minfo[39m: [0mGET /api/metrics [36m304[0m 62.463 ms - -[0m
[2025-10-11 02:11:31] [32minfo[39m: [0mGET /api/recommendation [32m200[0m 65.851 ms - 333[0m
[2025-10-11 02:11:53] [32minfo[39m: [0mGET /api/recommendations [33m404[0m 0.183 ms - 27[0m
[2025-10-11 02:11:53] [32minfo[39m: [0mGET /api/metrics [36m304[0m 50.508 ms - -[0m
[2025-10-11 02:11:53] [32minfo[39m: [0mPOST /api/forecast [32m200[0m 71.170 ms - 139[0m
[2025-10-11 02:11:55] [32minfo[39m: [0mGET /api/recommendation [32m200[0m 61.233 ms - 333[0m
[2025-10-11 02:11:55] [32minfo[39m: [0mPOST /api/forecast [32m200[0m 70.464 ms - 139[0m
[2025-10-11 02:11:57] [32minfo[39m: [0mPOST /api/forecast [32m200[0m 68.515 ms - 139[0m
[2025-10-11 02:11:58] [32minfo[39m: [0mGET /api/metrics [36m304[0m 56.807 ms - -[0m
[2025-10-11 02:12:01] [32minfo[39m: [0mPOST /api/forecast [32m200[0m 69.791 ms - 139[0m
[2025-10-11 02:12:03] [32minfo[39m: [0mGET /api/metrics [36m304[0m 64.795 ms - -[0m
[2025-10-11 02:12:04] [32minfo[39m: [0mGET /api/recommendation [36m304[0m 65.436 ms - -[0m
[2025-10-11 02:12:04] [32minfo[39m: [0mPOST /api/forecast [32m200[0m 72.559 ms - 139[0m
[2025-10-11 02:12:05] [32minfo[39m: [0mPOST /api/forecast [32m200[0m 64.377 ms - 139[0m
[2025-10-11 02:12:09] [32minfo[39m: [0mPOST /api/forecast [32m200[0m 67.726 ms - 139[0m
[2025-10-11 02:12:09] [32minfo[39m: [0mGET /api/metrics [36m304[0m 68.336 ms - -[0m
[2025-10-11 02:12:10] [32minfo[39m: [0mGET /api/recommendation [36m304[0m 483.561 ms - -[0m
[2025-10-11 02:12:14] [32minfo[39m: [0mPOST /api/forecast [32m200[0m 67.953 ms - 139[0m
[2025-10-11 02:12:15] [32minfo[39m: [0mGET /api/metrics [36m304[0m 68.924 ms - -[0m
[2025-10-11 02:12:20] [32minfo[39m: [0mGET /api/metrics [36m304[0m 63.309 ms - -[0m
[2025-10-11 02:12:25] [32minfo[39m: [0mGET /api/metrics [36m304[0m 79.159 ms - -[0m
[2025-10-11 02:12:30] [32minfo[39m: [0mGET /api/metrics [36m304[0m 73.343 ms - -[0m
[2025-10-11 02:13:08] [32minfo[39m: [0mPOST /api/forecast [32m200[0m 71.600 ms - 139[0m
[2025-10-11 02:13:08] [32minfo[39m: [0mGET /api/recommendation [36m304[0m 66.751 ms - -[0m
[2025-10-11 02:13:08] [32minfo[39m: [0mGET /api/metrics [36m304[0m 78.524 ms - -[0m
[2025-10-11 02:13:09] [32minfo[39m: [0mPOST /api/forecast [32m200[0m 61.726 ms - 139[0m
[2025-10-11 02:13:11] [32minfo[39m: [0mPOST /api/forecast [32m200[0m 53.868 ms - 139[0m
[2025-10-11 02:13:13] [32minfo[39m: [0mGET /api/recommendations [33m404[0m 0.465 ms - 27[0m
[2025-10-11 02:13:13] [32minfo[39m: [0mGET /api/metrics [32m200[0m 52.194 ms - 78[0m
[2025-10-11 02:13:13] [32minfo[39m: [0mPOST /api/forecast [32m200[0m 64.016 ms - 139[0m
[2025-10-11 02:13:13] [32minfo[39m: [0mGET /api/metrics [36m304[0m 84.255 ms - -[0m
[2025-10-11 02:13:16] [32minfo[39m: [0mGET /api/recommendation [36m304[0m 57.393 ms - -[0m
[2025-10-11 02:13:16] [32minfo[39m: [0mPOST /api/forecast [32m200[0m 71.732 ms - 139[0m
[2025-10-11 02:13:18] [32minfo[39m: [0mGET /api/metrics [36m304[0m 67.161 ms - -[0m
[2025-10-11 02:13:43] [32minfo[39m: [0mGET /api/metrics [36m304[0m 55.655 ms - -[0m
[2025-10-11 02:13:43] [32minfo[39m: [0mGET /api/recommendation [36m304[0m 89.542 ms - -[0m
[2025-10-11 02:13:43] [32minfo[39m: [0mPOST /api/forecast [32m200[0m 110.513 ms - 139[0m
[2025-10-11 02:13:44] [32minfo[39m: [0mPOST /api/forecast [32m200[0m 63.287 ms - 139[0m
[2025-10-11 02:13:46] [32minfo[39m: [0mGET /api/recommendation [36m304[0m 47.657 ms - -[0m
[2025-10-11 02:13:46] [32minfo[39m: [0mPOST /api/forecast [32m200[0m 62.420 ms - 139[0m
[2025-10-11 02:13:48] [32minfo[39m: [0mGET /api/metrics [36m304[0m 63.168 ms - -[0m
[2025-10-11 02:13:50] [32minfo[39m: [0mPOST /api/forecast [32m200[0m 52.498 ms - 139[0m
[2025-10-11 02:13:53] [32minfo[39m: [0mGET /api/metrics [36m304[0m 58.451 ms - -[0m
[2025-10-11 02:13:58] [32minfo[39m: [0mGET /api/metrics [36m304[0m 69.641 ms - -[0m
[2025-10-11 02:14:23] [32minfo[39m: [0mGET /api/recommendation [36m304[0m 56.029 ms - -[0m
[2025-10-11 02:14:23] [32minfo[39m: [0mGET /api/metrics [36m304[0m 65.214 ms - -[0m
[2025-10-11 02:14:23] [32minfo[39m: [0mPOST /api/forecast [32m200[0m 67.572 ms - 139[0m
[2025-10-11 02:14:24] [32minfo[39m: [0mPOST /api/forecast [32m200[0m 56.345 ms - 139[0m
[2025-10-11 02:14:42] [32minfo[39m: [0mGET /api/recommendations [33m404[0m 0.253 ms - 27[0m
[2025-10-11 02:14:42] [32minfo[39m: [0mPOST /api/forecast [0m-[0m - ms - -[0m
[2025-10-11 02:14:42] [32minfo[39m: [0mGET /api/metrics [0m-[0m - ms - -[0m
[2025-10-11 02:14:43] [32minfo[39m: [0mGET /api/metrics [32m200[0m 70.275 ms - 78[0m
[2025-10-11 02:14:43] [32minfo[39m: [0mPOST /api/forecast [32m200[0m 69.113 ms - 139[0m
[2025-10-11 02:19:01] [32minfo[39m: Server running in development mode on port 5000
[2025-10-11 02:19:02] [32minfo[39m: MongoDB Connected: ac-sqhyu1u-shard-00-00.d2rt5zd.mongodb.net
[2025-10-11 02:19:53] [32minfo[39m: [0mPOST /api/forecast [32m200[0m 81.230 ms - 139[0m
[2025-10-11 02:19:54] [32minfo[39m: [0mGET /api/recommendation [32m200[0m 419.435 ms - 333[0m
[2025-10-11 02:19:54] [32minfo[39m: [0mGET /api/metrics [32m200[0m 455.057 ms - 78[0m
[2025-10-11 02:19:56] [32minfo[39m: [0mGET /api/metrics [36m304[0m 67.715 ms - -[0m
[2025-10-11 02:19:56] [32minfo[39m: [0mPOST /api/forecast [32m200[0m 67.051 ms - 139[0m
[2025-10-11 02:19:56] [32minfo[39m: [0mGET /api/recommendation [36m304[0m 70.646 ms - -[0m
[2025-10-11 02:20:01] [32minfo[39m: [0mGET /api/metrics [36m304[0m 84.288 ms - -[0m
[2025-10-11 02:20:10] [32minfo[39m: [0mPOST /api/forecast [32m200[0m 67.960 ms - 139[0m
[2025-10-11 02:20:10] [32minfo[39m: [0mGET /api/recommendation [36m304[0m 97.744 ms - -[0m
[2025-10-11 02:20:10] [32minfo[39m: [0mGET /api/metrics [36m304[0m 126.507 ms - -[0m
[2025-10-11 02:20:11] [32minfo[39m: [0mGET /api/recommendation [32m200[0m 70.741 ms - 333[0m
[2025-10-11 02:20:11] [32minfo[39m: [0mGET /api/metrics [32m200[0m 83.527 ms - 78[0m
[2025-10-11 02:20:11] [32minfo[39m: [0mPOST /api/forecast [32m200[0m 81.251 ms - 139[0m
[2025-10-11 02:20:16] [32minfo[39m: [0mGET /api/metrics [36m304[0m 66.634 ms - -[0m
[2025-10-11 02:20:22] [32minfo[39m: [0mGET /api/metrics [36m304[0m 57.913 ms - -[0m
[2025-10-11 02:20:27] [32minfo[39m: [0mGET /api/metrics [36m304[0m 59.674 ms - -[0m
[2025-10-11 02:20:32] [32minfo[39m: [0mGET /api/metrics [36m304[0m 62.446 ms - -[0m
[2025-10-11 02:20:41] [32minfo[39m: [0mGET /api/recommendation [36m304[0m 84.108 ms - -[0m
[2025-10-11 02:20:41] [32minfo[39m: [0mGET /api/metrics [36m304[0m 87.696 ms - -[0m
[2025-10-11 02:20:41] [32minfo[39m: [0mPOST /api/forecast [32m200[0m 87.995 ms - 139[0m
[2025-10-11 02:20:46] [32minfo[39m: [0mGET /api/metrics [36m304[0m 69.331 ms - -[0m
[2025-10-11 02:21:19] [32minfo[39m: [0mGET /api/metrics [36m304[0m 69.875 ms - -[0m
[2025-10-11 02:21:19] [32minfo[39m: [0mGET /api/recommendation [36m304[0m 65.366 ms - -[0m
[2025-10-11 02:21:19] [32minfo[39m: [0mPOST /api/forecast [32m200[0m 74.677 ms - 139[0m
[2025-10-11 02:21:24] [32minfo[39m: [0mGET /api/metrics [36m304[0m 70.385 ms - -[0m
[2025-10-11 02:21:29] [32minfo[39m: [0mGET /api/metrics [36m304[0m 48.549 ms - -[0m
[2025-10-11 02:21:34] [32minfo[39m: [0mGET /api/metrics [36m304[0m 63.857 ms - -[0m
[2025-10-11 02:21:34] [32minfo[39m: [0mGET /api/recommendation [36m304[0m 57.949 ms - -[0m
[2025-10-11 02:21:34] [32minfo[39m: [0mPOST /api/forecast [32m200[0m 73.629 ms - 139[0m
[2025-10-11 02:21:39] [32minfo[39m: [0mGET /api/metrics [36m304[0m 80.521 ms - -[0m
[2025-10-11 02:22:01] [32minfo[39m: [0mGET /api/metrics [32m200[0m 69.518 ms - 78[0m
[2025-10-11 02:22:10] [32minfo[39m: [0mGET /api/recommendation [36m304[0m 50.389 ms - -[0m
[2025-10-11 02:22:10] [32minfo[39m: [0mGET /api/metrics [36m304[0m 62.087 ms - -[0m
[2025-10-11 02:22:10] [32minfo[39m: [0mPOST /api/forecast [32m200[0m 59.589 ms - 139[0m
[2025-10-11 02:22:21] [32minfo[39m: [0mPOST /api/forecast [32m200[0m 48.691 ms - 139[0m
[2025-10-11 02:22:21] [32minfo[39m: [0mGET /api/metrics [36m304[0m 56.996 ms - -[0m
[2025-10-11 02:22:21] [32minfo[39m: [0mGET /api/recommendation [36m304[0m 53.242 ms - -[0m
[2025-10-11 02:22:30] [32minfo[39m: [0mPOST /api/forecast [32m200[0m 48.472 ms - 139[0m
[2025-10-11 02:22:30] [32minfo[39m: [0mGET /api/metrics [36m304[0m 61.649 ms - -[0m
[2025-10-11 02:22:30] [32minfo[39m: [0mGET /api/recommendation [36m304[0m 55.915 ms - -[0m
[2025-10-11 02:23:16] [32minfo[39m: [0mGET /api/metrics [36m304[0m 51.276 ms - -[0m
[2025-10-11 02:23:16] [32minfo[39m: [0mGET /api/recommendation [36m304[0m 47.146 ms - -[0m
[2025-10-11 02:23:16] [32minfo[39m: [0mPOST /api/forecast [32m200[0m 62.175 ms - 139[0m
[2025-10-11 02:23:18] [32minfo[39m: [0mGET /api/recommendation [36m304[0m 65.238 ms - -[0m
[2025-10-11 02:23:18] [32minfo[39m: [0mPOST /api/forecast [32m200[0m 70.423 ms - 139[0m
[2025-10-11 02:23:21] [32minfo[39m: [0mGET /api/metrics [36m304[0m 55.480 ms - -[0m
[2025-10-11 02:24:36] [32minfo[39m: [0mGET /api/metrics [36m304[0m 45.241 ms - -[0m
[2025-10-11 02:24:36] [32minfo[39m: [0mGET /api/recommendation [36m304[0m 50.351 ms - -[0m
[2025-10-11 02:24:36] [32minfo[39m: [0mPOST /api/forecast [32m200[0m 58.019 ms - 139[0m
[2025-10-11 02:24:40] [32minfo[39m: [0mGET /api/recommendation [36m304[0m 50.866 ms - -[0m
[2025-10-11 02:24:40] [32minfo[39m: [0mGET /api/metrics [36m304[0m 60.882 ms - -[0m
[2025-10-11 02:24:40] [32minfo[39m: [0mPOST /api/forecast [32m200[0m 65.020 ms - 139[0m
[2025-10-11 02:24:45] [32minfo[39m: [0mGET /api/metrics [36m304[0m 68.543 ms - -[0m
[2025-10-11 02:24:50] [32minfo[39m: [0mGET /api/metrics [36m304[0m 70.159 ms - -[0m
[2025-10-11 02:24:56] [32minfo[39m: [0mGET /api/metrics [36m304[0m 63.455 ms - -[0m
[2025-10-11 02:27:31] [32minfo[39m: Server running in development mode on port 5000
[2025-10-11 02:27:32] [32minfo[39m: MongoDB Connected: ac-sqhyu1u-shard-00-02.d2rt5zd.mongodb.net
